
*** Running vivado
    with args -log FFT0.vds -m64 -product Vivado -mode batch -messageDb vivado.pb -notrace -source FFT0.tcl



****** Vivado v2024.1 (64-bit)
  **** SW Build 5076996 on Wed May 22 18:37:14 MDT 2024
  **** IP Build 5075265 on Wed May 22 21:45:21 MDT 2024
  **** SharedData Build 5076995 on Wed May 22 18:29:18 MDT 2024
  **** Start of session at: Wed Jul 17 08:35:40 2024
    ** Copyright 1986-2022 Xilinx, Inc. All Rights Reserved.
    ** Copyright 2022-2024 Advanced Micro Devices, Inc. All Rights Reserved.

source FFT0.tcl -notrace
create_project: Time (s): cpu = 00:00:03 ; elapsed = 00:00:09 . Memory (MB): peak = 496.250 ; gain = 204.270
INFO: [IP_Flow 19-6924] IPCACHE: Running cache check for IP inst: FFT0
Command: synth_design -top FFT0 -part xc7a100tcsg324-1 -incremental_mode off -mode out_of_context
Starting synth_design
Attempting to get a license for feature 'Synthesis' and/or device 'xc7a100t'
INFO: [Common 17-349] Got license for feature 'Synthesis' and/or device 'xc7a100t'
INFO: [Device 21-403] Loading part xc7a100tcsg324-1
INFO: [Device 21-9227] Part: xc7a100tcsg324-1 does not have CEAM library.
INFO: [Synth 8-7079] Multithreading enabled for synth_design using a maximum of 2 processes.
INFO: [Synth 8-7078] Launching helper process for spawning children vivado processes
INFO: [Synth 8-7075] Helper process launched with PID 28420
---------------------------------------------------------------------------------
Starting RTL Elaboration : Time (s): cpu = 00:00:06 ; elapsed = 00:00:13 . Memory (MB): peak = 1377.117 ; gain = 447.918
---------------------------------------------------------------------------------

*** Running vivado
    with args -log FFT0.vds -m64 -product Vivado -mode batch -messageDb vivado.pb -notrace -source FFT0.tcl



****** Vivado v2024.1 (64-bit)
  **** SW Build 5076996 on Wed May 22 18:37:14 MDT 2024
  **** IP Build 5075265 on Wed May 22 21:45:21 MDT 2024
  **** SharedData Build 5076995 on Wed May 22 18:29:18 MDT 2024
  **** Start of session at: Tue Jul 23 15:14:20 2024
    ** Copyright 1986-2022 Xilinx, Inc. All Rights Reserved.
    ** Copyright 2022-2024 Advanced Micro Devices, Inc. All Rights Reserved.

source FFT0.tcl -notrace
create_project: Time (s): cpu = 00:00:02 ; elapsed = 00:00:13 . Memory (MB): peak = 496.938 ; gain = 204.418
INFO: [IP_Flow 19-6924] IPCACHE: Running cache check for IP inst: FFT0
Command: synth_design -top FFT0 -part xc7a100tcsg324-1 -incremental_mode off -mode out_of_context
Starting synth_design
Attempting to get a license for feature 'Synthesis' and/or device 'xc7a100t'
INFO: [Common 17-349] Got license for feature 'Synthesis' and/or device 'xc7a100t'
INFO: [Device 21-403] Loading part xc7a100tcsg324-1
INFO: [Device 21-9227] Part: xc7a100tcsg324-1 does not have CEAM library.
INFO: [Synth 8-7079] Multithreading enabled for synth_design using a maximum of 2 processes.
INFO: [Synth 8-7078] Launching helper process for spawning children vivado processes
INFO: [Synth 8-7075] Helper process launched with PID 13848
---------------------------------------------------------------------------------
Starting RTL Elaboration : Time (s): cpu = 00:00:07 ; elapsed = 00:00:15 . Memory (MB): peak = 1376.039 ; gain = 446.984
---------------------------------------------------------------------------------
INFO: [Synth 8-638] synthesizing module 'FFT0' [c:/Users/kuflu/Vivado/VivadoProjects/FMCW/FMCW.gen/sources_1/ip/FFT0/synth/FFT0.vhd:83]
	Parameter C_XDEVICEFAMILY bound to: artix7 - type: string 
	Parameter C_PART bound to: xc7a100tcsg324-1 - type: string 
	Parameter C_S_AXIS_CONFIG_TDATA_WIDTH bound to: 8 - type: integer 
	Parameter C_S_AXIS_DATA_TDATA_WIDTH bound to: 32 - type: integer 
	Parameter C_M_AXIS_DATA_TDATA_WIDTH bound to: 32 - type: integer 
	Parameter C_M_AXIS_DATA_TUSER_WIDTH bound to: 1 - type: integer 
	Parameter C_M_AXIS_STATUS_TDATA_WIDTH bound to: 1 - type: integer 
	Parameter C_THROTTLE_SCHEME bound to: 1 - type: integer 
	Parameter C_NSSR bound to: 1 - type: integer 
	Parameter C_CHANNELS bound to: 1 - type: integer 
	Parameter C_NFFT_MAX bound to: 4 - type: integer 
	Parameter C_ARCH bound to: 3 - type: integer 
	Parameter C_HAS_NFFT bound to: 0 - type: integer 
	Parameter C_USE_FLT_PT bound to: 0 - type: integer 
	Parameter C_INPUT_WIDTH bound to: 16 - type: integer 
	Parameter C_TWIDDLE_WIDTH bound to: 16 - type: integer 
	Parameter C_OUTPUT_WIDTH bound to: 16 - type: integer 
	Parameter C_HAS_SCALING bound to: 1 - type: integer 
	Parameter C_HAS_BFP bound to: 0 - type: integer 
	Parameter C_HAS_ROUNDING bound to: 0 - type: integer 
	Parameter C_HAS_ACLKEN bound to: 0 - type: integer 
	Parameter C_HAS_ARESETN bound to: 1 - type: integer 
	Parameter C_HAS_OVFLO bound to: 0 - type: integer 
	Parameter C_HAS_NATURAL_INPUT bound to: 1 - type: integer 
	Parameter C_HAS_NATURAL_OUTPUT bound to: 1 - type: integer 
	Parameter C_HAS_CYCLIC_PREFIX bound to: 0 - type: integer 
	Parameter C_HAS_XK_INDEX bound to: 0 - type: integer 
	Parameter C_DATA_MEM_TYPE bound to: 1 - type: integer 
	Parameter C_TWIDDLE_MEM_TYPE bound to: 1 - type: integer 
	Parameter C_BRAM_STAGES bound to: 0 - type: integer 
	Parameter C_REORDER_MEM_TYPE bound to: 1 - type: integer 
	Parameter C_USE_HYBRID_RAM bound to: 0 - type: integer 
	Parameter C_OPTIMIZE_GOAL bound to: 0 - type: integer 
	Parameter C_CMPY_TYPE bound to: 1 - type: integer 
	Parameter C_BFLY_TYPE bound to: 0 - type: integer 
	Parameter C_SYSTOLICFFT_INV bound to: 0 - type: integer 
INFO: [Synth 8-3491] module 'xfft_v9_1_12' declared at 'c:/Users/kuflu/Vivado/VivadoProjects/FMCW/FMCW.gen/sources_1/ip/FFT0/hdl/xfft_v9_1.vhd:58' bound to instance 'U0' of component 'xfft_v9_1_12' [c:/Users/kuflu/Vivado/VivadoProjects/FMCW/FMCW.gen/sources_1/ip/FFT0/synth/FFT0.vhd:193]
INFO: [Synth 8-256] done synthesizing module 'FFT0' (0#1) [c:/Users/kuflu/Vivado/VivadoProjects/FMCW/FMCW.gen/sources_1/ip/FFT0/synth/FFT0.vhd:83]
WARNING: [Synth 8-7129] Port Q[0] in module shift_ram__parameterized12 is either unconnected or has no load
WARNING: [Synth 8-7129] Port D[0] in module shift_ram__parameterized12 is either unconnected or has no load
WARNING: [Synth 8-7129] Port CLK in module shift_ram__parameterized12 is either unconnected or has no load
WARNING: [Synth 8-7129] Port CE in module shift_ram__parameterized12 is either unconnected or has no load
WARNING: [Synth 8-7129] Port SCLR in module shift_ram__parameterized12 is either unconnected or has no load
WARNING: [Synth 8-7129] Port COMBI_SCLR in module shift_ram__parameterized12 is either unconnected or has no load
WARNING: [Synth 8-7129] Port DEPTHx2 in module shift_ram__parameterized12 is either unconnected or has no load
WARNING: [Synth 8-7129] Port a[3] in module c_shift_ram_v12_0_17_legacy__parameterized8 is either unconnected or has no load
WARNING: [Synth 8-7129] Port a[2] in module c_shift_ram_v12_0_17_legacy__parameterized8 is either unconnected or has no load
WARNING: [Synth 8-7129] Port a[1] in module c_shift_ram_v12_0_17_legacy__parameterized8 is either unconnected or has no load
WARNING: [Synth 8-7129] Port a[0] in module c_shift_ram_v12_0_17_legacy__parameterized8 is either unconnected or has no load
WARNING: [Synth 8-7129] Port aclr in module c_shift_ram_v12_0_17_legacy__parameterized8 is either unconnected or has no load
WARNING: [Synth 8-7129] Port aset in module c_shift_ram_v12_0_17_legacy__parameterized8 is either unconnected or has no load
WARNING: [Synth 8-7129] Port ainit in module c_shift_ram_v12_0_17_legacy__parameterized8 is either unconnected or has no load
WARNING: [Synth 8-7129] Port sclr in module c_shift_ram_v12_0_17_legacy__parameterized8 is either unconnected or has no load
WARNING: [Synth 8-7129] Port sset in module c_shift_ram_v12_0_17_legacy__parameterized8 is either unconnected or has no load
WARNING: [Synth 8-7129] Port sinit in module c_shift_ram_v12_0_17_legacy__parameterized8 is either unconnected or has no load
WARNING: [Synth 8-7129] Port D[0] in module shift_ram__parameterized45 is either unconnected or has no load
WARNING: [Synth 8-7129] Port DEPTHx2 in module shift_ram__parameterized45 is either unconnected or has no load
WARNING: [Synth 8-7129] Port D[15] in module shift_ram__parameterized44 is either unconnected or has no load
WARNING: [Synth 8-7129] Port D[14] in module shift_ram__parameterized44 is either unconnected or has no load
WARNING: [Synth 8-7129] Port D[13] in module shift_ram__parameterized44 is either unconnected or has no load
WARNING: [Synth 8-7129] Port D[12] in module shift_ram__parameterized44 is either unconnected or has no load
WARNING: [Synth 8-7129] Port D[11] in module shift_ram__parameterized44 is either unconnected or has no load
WARNING: [Synth 8-7129] Port D[10] in module shift_ram__parameterized44 is either unconnected or has no load
WARNING: [Synth 8-7129] Port D[9] in module shift_ram__parameterized44 is either unconnected or has no load
WARNING: [Synth 8-7129] Port D[8] in module shift_ram__parameterized44 is either unconnected or has no load
WARNING: [Synth 8-7129] Port D[7] in module shift_ram__parameterized44 is either unconnected or has no load
WARNING: [Synth 8-7129] Port D[6] in module shift_ram__parameterized44 is either unconnected or has no load
WARNING: [Synth 8-7129] Port D[5] in module shift_ram__parameterized44 is either unconnected or has no load
WARNING: [Synth 8-7129] Port D[4] in module shift_ram__parameterized44 is either unconnected or has no load
WARNING: [Synth 8-7129] Port D[3] in module shift_ram__parameterized44 is either unconnected or has no load
WARNING: [Synth 8-7129] Port D[2] in module shift_ram__parameterized44 is either unconnected or has no load
WARNING: [Synth 8-7129] Port D[1] in module shift_ram__parameterized44 is either unconnected or has no load
WARNING: [Synth 8-7129] Port D[0] in module shift_ram__parameterized44 is either unconnected or has no load
WARNING: [Synth 8-7129] Port DEPTHx2 in module shift_ram__parameterized44 is either unconnected or has no load
WARNING: [Synth 8-7129] Port a[3] in module c_shift_ram_v12_0_17_legacy is either unconnected or has no load
WARNING: [Synth 8-7129] Port a[2] in module c_shift_ram_v12_0_17_legacy is either unconnected or has no load
WARNING: [Synth 8-7129] Port a[1] in module c_shift_ram_v12_0_17_legacy is either unconnected or has no load
WARNING: [Synth 8-7129] Port a[0] in module c_shift_ram_v12_0_17_legacy is either unconnected or has no load
WARNING: [Synth 8-7129] Port aclr in module c_shift_ram_v12_0_17_legacy is either unconnected or has no load
WARNING: [Synth 8-7129] Port aset in module c_shift_ram_v12_0_17_legacy is either unconnected or has no load
WARNING: [Synth 8-7129] Port ainit in module c_shift_ram_v12_0_17_legacy is either unconnected or has no load
WARNING: [Synth 8-7129] Port sclr in module c_shift_ram_v12_0_17_legacy is either unconnected or has no load
WARNING: [Synth 8-7129] Port sset in module c_shift_ram_v12_0_17_legacy is either unconnected or has no load
WARNING: [Synth 8-7129] Port sinit in module c_shift_ram_v12_0_17_legacy is either unconnected or has no load
WARNING: [Synth 8-7129] Port D[0] in module shift_ram__parameterized42 is either unconnected or has no load
WARNING: [Synth 8-7129] Port DEPTHx2 in module shift_ram__parameterized42 is either unconnected or has no load
WARNING: [Synth 8-7129] Port D1 in module shift_ram__parameterized41 is either unconnected or has no load
WARNING: [Synth 8-7129] Port DEPTHx2 in module shift_ram__parameterized41 is either unconnected or has no load
WARNING: [Synth 8-7129] Port depthx2 in module r22_memory is either unconnected or has no load
WARNING: [Synth 8-7129] Port Q1 in module shift_ram__parameterized40 is either unconnected or has no load
WARNING: [Synth 8-7129] Port D1 in module shift_ram__parameterized40 is either unconnected or has no load
WARNING: [Synth 8-7129] Port COMBI_SCLR in module shift_ram__parameterized40 is either unconnected or has no load
WARNING: [Synth 8-7129] Port DEPTHx2 in module shift_ram__parameterized40 is either unconnected or has no load
WARNING: [Synth 8-7129] Port D1 in module shift_ram__parameterized37 is either unconnected or has no load
WARNING: [Synth 8-7129] Port DEPTHx2 in module shift_ram__parameterized37 is either unconnected or has no load
WARNING: [Synth 8-7129] Port D[0] in module shift_ram__parameterized13 is either unconnected or has no load
WARNING: [Synth 8-7129] Port SCLR in module shift_ram__parameterized13 is either unconnected or has no load
WARNING: [Synth 8-7129] Port COMBI_SCLR in module shift_ram__parameterized13 is either unconnected or has no load
WARNING: [Synth 8-7129] Port DEPTHx2 in module shift_ram__parameterized13 is either unconnected or has no load
WARNING: [Synth 8-7129] Port Q1 in module shift_ram__parameterized39 is either unconnected or has no load
WARNING: [Synth 8-7129] Port D1 in module shift_ram__parameterized39 is either unconnected or has no load
WARNING: [Synth 8-7129] Port CLK in module shift_ram__parameterized39 is either unconnected or has no load
WARNING: [Synth 8-7129] Port CE in module shift_ram__parameterized39 is either unconnected or has no load
WARNING: [Synth 8-7129] Port SCLR in module shift_ram__parameterized39 is either unconnected or has no load
WARNING: [Synth 8-7129] Port COMBI_SCLR in module shift_ram__parameterized39 is either unconnected or has no load
WARNING: [Synth 8-7129] Port DEPTHx2 in module shift_ram__parameterized39 is either unconnected or has no load
WARNING: [Synth 8-7129] Port D1 in module shift_ram__parameterized38 is either unconnected or has no load
WARNING: [Synth 8-7129] Port SCLR in module shift_ram__parameterized38 is either unconnected or has no load
WARNING: [Synth 8-7129] Port COMBI_SCLR in module shift_ram__parameterized38 is either unconnected or has no load
WARNING: [Synth 8-7129] Port DEPTHx2 in module shift_ram__parameterized38 is either unconnected or has no load
WARNING: [Synth 8-7129] Port D[0] in module shift_ram__parameterized17 is either unconnected or has no load
WARNING: [Synth 8-7129] Port COMBI_SCLR in module shift_ram__parameterized17 is either unconnected or has no load
WARNING: [Synth 8-7129] Port DEPTHx2 in module shift_ram__parameterized17 is either unconnected or has no load
WARNING: [Synth 8-7129] Port MUXCY_IN in module equ_rtl is either unconnected or has no load
WARNING: [Synth 8-7129] Port AINIT in module c_reg_fd_v12_0_9_viv is either unconnected or has no load
WARNING: [Synth 8-7129] Port ACLR in module c_reg_fd_v12_0_9_viv is either unconnected or has no load
WARNING: [Synth 8-7129] Port ASET in module c_reg_fd_v12_0_9_viv is either unconnected or has no load
WARNING: [Synth 8-7129] Port SINIT in module c_reg_fd_v12_0_9_viv is either unconnected or has no load
WARNING: [Synth 8-7129] Port SSET in module c_reg_fd_v12_0_9_viv is either unconnected or has no load
WARNING: [Synth 8-7129] Port add in module c_addsub_v12_0_18_lut6_legacy__parameterized7 is either unconnected or has no load
WARNING: [Synth 8-7129] Port bypass in module c_addsub_v12_0_18_lut6_legacy__parameterized7 is either unconnected or has no load
WARNING: [Synth 8-7129] Port sset in module c_addsub_v12_0_18_lut6_legacy__parameterized7 is either unconnected or has no load
WARNING: [Synth 8-7129] Port sinit in module c_addsub_v12_0_18_lut6_legacy__parameterized7 is either unconnected or has no load
WARNING: [Synth 8-7129] Port b_in in module c_addsub_v12_0_18_legacy__parameterized7 is either unconnected or has no load
WARNING: [Synth 8-7129] Port a_signed in module c_addsub_v12_0_18_legacy__parameterized7 is either unconnected or has no load
WARNING: [Synth 8-7129] Port b_signed in module c_addsub_v12_0_18_legacy__parameterized7 is either unconnected or has no load
WARNING: [Synth 8-7129] Port MAX[3] in module cnt_tc_rtl_a is either unconnected or has no load
WARNING: [Synth 8-7129] Port MAX[2] in module cnt_tc_rtl_a is either unconnected or has no load
WARNING: [Synth 8-7129] Port MAX[1] in module cnt_tc_rtl_a is either unconnected or has no load
WARNING: [Synth 8-7129] Port MAX[0] in module cnt_tc_rtl_a is either unconnected or has no load
WARNING: [Synth 8-7129] Port LOAD[3] in module cnt_tc_rtl_a is either unconnected or has no load
WARNING: [Synth 8-7129] Port LOAD[2] in module cnt_tc_rtl_a is either unconnected or has no load
WARNING: [Synth 8-7129] Port LOAD[1] in module cnt_tc_rtl_a is either unconnected or has no load
WARNING: [Synth 8-7129] Port LOAD[0] in module cnt_tc_rtl_a is either unconnected or has no load
WARNING: [Synth 8-7129] Port LOAD_EN in module cnt_tc_rtl_a is either unconnected or has no load
WARNING: [Synth 8-7129] Port NFFT[4] in module r22_cnt_ctrl is either unconnected or has no load
WARNING: [Synth 8-7129] Port NFFT[3] in module r22_cnt_ctrl is either unconnected or has no load
WARNING: [Synth 8-7129] Port NFFT[2] in module r22_cnt_ctrl is either unconnected or has no load
INFO: [Common 17-14] Message 'Synth 8-7129' appears 100 times and further instances of the messages will be disabled. Use the Tcl command set_msg_config to change the current settings.
---------------------------------------------------------------------------------
Finished RTL Elaboration : Time (s): cpu = 00:00:39 ; elapsed = 00:01:18 . Memory (MB): peak = 2558.719 ; gain = 1629.664
---------------------------------------------------------------------------------
---------------------------------------------------------------------------------
Start Handling Custom Attributes
---------------------------------------------------------------------------------
---------------------------------------------------------------------------------
Finished Handling Custom Attributes : Time (s): cpu = 00:00:39 ; elapsed = 00:01:19 . Memory (MB): peak = 2558.719 ; gain = 1629.664
---------------------------------------------------------------------------------
---------------------------------------------------------------------------------
Finished RTL Optimization Phase 1 : Time (s): cpu = 00:00:39 ; elapsed = 00:01:19 . Memory (MB): peak = 2558.719 ; gain = 1629.664
---------------------------------------------------------------------------------
Netlist sorting complete. Time (s): cpu = 00:00:00 ; elapsed = 00:00:00.096 . Memory (MB): peak = 2558.719 ; gain = 0.000
INFO: [Netlist 29-17] Analyzing 627 Unisim elements for replacement
INFO: [Netlist 29-28] Unisim Transformation completed in 0 CPU seconds
INFO: [Project 1-570] Preparing netlist for logic optimization

Processing XDC Constraints
Initializing timing engine
Parsing XDC File [c:/Users/kuflu/Vivado/VivadoProjects/FMCW/FMCW.gen/sources_1/ip/FFT0/FFT0_ooc.xdc] for cell 'U0'
Finished Parsing XDC File [c:/Users/kuflu/Vivado/VivadoProjects/FMCW/FMCW.gen/sources_1/ip/FFT0/FFT0_ooc.xdc] for cell 'U0'
Parsing XDC File [C:/Users/kuflu/Vivado/VivadoProjects/FMCW/FMCW.runs/FFT0_synth_1/dont_touch.xdc]
Finished Parsing XDC File [C:/Users/kuflu/Vivado/VivadoProjects/FMCW/FMCW.runs/FFT0_synth_1/dont_touch.xdc]
Completed Processing XDC Constraints

Netlist sorting complete. Time (s): cpu = 00:00:00 ; elapsed = 00:00:00.003 . Memory (MB): peak = 2558.719 ; gain = 0.000
INFO: [Project 1-111] Unisim Transformation Summary:
  A total of 106 instances were transformed.
  FD => FDRE: 2 instances
  FDE => FDRE: 86 instances
  FDR => FDRE: 18 instances

Constraint Validation Runtime : Time (s): cpu = 00:00:00 ; elapsed = 00:00:00.139 . Memory (MB): peak = 2558.719 ; gain = 0.000
INFO: [Designutils 20-5008] Incremental synthesis strategy off
---------------------------------------------------------------------------------
Finished Constraint Validation : Time (s): cpu = 00:00:45 ; elapsed = 00:01:30 . Memory (MB): peak = 2558.719 ; gain = 1629.664
---------------------------------------------------------------------------------
---------------------------------------------------------------------------------
Start Loading Part and Timing Information
---------------------------------------------------------------------------------
Loading part: xc7a100tcsg324-1
---------------------------------------------------------------------------------
Finished Loading Part and Timing Information : Time (s): cpu = 00:00:45 ; elapsed = 00:01:30 . Memory (MB): peak = 2558.719 ; gain = 1629.664
---------------------------------------------------------------------------------
---------------------------------------------------------------------------------
Start Applying 'set_property' XDC Constraints
---------------------------------------------------------------------------------
Applied set_property KEEP_HIERARCHY = SOFT for U0. (constraint file  C:/Users/kuflu/Vivado/VivadoProjects/FMCW/FMCW.runs/FFT0_synth_1/dont_touch.xdc, line 9).
---------------------------------------------------------------------------------
Finished applying 'set_property' XDC Constraints : Time (s): cpu = 00:00:45 ; elapsed = 00:01:30 . Memory (MB): peak = 2558.719 ; gain = 1629.664
---------------------------------------------------------------------------------
---------------------------------------------------------------------------------
Finished RTL Optimization Phase 2 : Time (s): cpu = 00:00:46 ; elapsed = 00:01:32 . Memory (MB): peak = 2558.719 ; gain = 1629.664
---------------------------------------------------------------------------------
INFO: [Synth 8-223] decloning instance 'U0/i_synth/non_native_floating_point.xfft_inst/non_floating_point.arch_d.xfft_inst/FLOW/reset_sustain.resets_4_pes[1].delay_reset_pe/tc_compare' (logic_gate) to 'U0/i_synth/non_native_floating_point.xfft_inst/non_floating_point.arch_d.xfft_inst/FLOW/reset_sustain.resets_4_pes[1].delay_reset_pe/tc_compare1'
INFO: [Synth 8-223] decloning instance 'U0/i_synth/non_native_floating_point.xfft_inst/non_floating_point.arch_d.xfft_inst/FLOW/reset_sustain.resets_4_pes[0].delay_reset_pe/tc_compare' (logic_gate__parameterized0) to 'U0/i_synth/non_native_floating_point.xfft_inst/non_floating_point.arch_d.xfft_inst/FLOW/reset_sustain.resets_4_pes[0].delay_reset_pe/tc_compare1'
INFO: [Synth 8-223] decloning instance 'U0/i_synth/non_native_floating_point.xfft_inst/non_floating_point.arch_d.xfft_inst/FLOW/reset_sustain.delay_reset_3/tc_compare' (logic_gate__parameterized1) to 'U0/i_synth/non_native_floating_point.xfft_inst/non_floating_point.arch_d.xfft_inst/FLOW/reset_sustain.delay_reset_3/tc_compare1'
INFO: [Synth 8-223] decloning instance 'U0/i_synth/non_native_floating_point.xfft_inst/non_floating_point.arch_d.xfft_inst/FLOW/reset_sustain.delay_reset_7/tc_compare' (logic_gate__parameterized2) to 'U0/i_synth/non_native_floating_point.xfft_inst/non_floating_point.arch_d.xfft_inst/FLOW/reset_sustain.delay_reset_7/tc_compare1'
---------------------------------------------------------------------------------
Start RTL Component Statistics 
---------------------------------------------------------------------------------
---------------------------------------------------------------------------------
Finished RTL Component Statistics 
---------------------------------------------------------------------------------
---------------------------------------------------------------------------------
Start Part Resource Summary
---------------------------------------------------------------------------------
Part Resources:
DSPs: 240 (col length:80)
BRAMs: 270 (col length: RAMB18 80 RAMB36 40)
---------------------------------------------------------------------------------
Finished Part Resource Summary
---------------------------------------------------------------------------------
---------------------------------------------------------------------------------
Start Cross Boundary and Area Optimization
---------------------------------------------------------------------------------
WARNING: [Synth 8-7080] Parallel synthesis criteria is not met
INFO: [Synth 8-3332] Sequential element (non_native_floating_point.xfft_inst/non_floating_point.arch_d.xfft_inst/FLOW/reset_sustain.resets_4_pes[1].delay_reset_pe/tc_reg1) is unused and will be removed from module xfft_v9_1_12_viv.
INFO: [Synth 8-3332] Sequential element (non_native_floating_point.xfft_inst/non_floating_point.arch_d.xfft_inst/FLOW/reset_sustain.resets_4_pes[0].delay_reset_pe/tc_reg1) is unused and will be removed from module xfft_v9_1_12_viv.
INFO: [Synth 8-3332] Sequential element (non_native_floating_point.xfft_inst/non_floating_point.arch_d.xfft_inst/FLOW/reset_sustain.delay_reset_3/tc_reg1) is unused and will be removed from module xfft_v9_1_12_viv.
INFO: [Synth 8-3332] Sequential element (non_native_floating_point.xfft_inst/non_floating_point.arch_d.xfft_inst/FLOW/reset_sustain.delay_reset_7/tc_reg1) is unused and will be removed from module xfft_v9_1_12_viv.
INFO: [Synth 8-3332] Sequential element (non_native_floating_point.xfft_inst/non_floating_point.arch_d.xfft_inst/pe0_bf1_addr_gen/no_sclr_lut.real_shift_ram.use_baseblock.use_hlutnm_srls.srl_loop[0].i_fdre0) is unused and will be removed from module xfft_v9_1_12_viv.
INFO: [Synth 8-3332] Sequential element (non_native_floating_point.xfft_inst/non_floating_point.arch_d.xfft_inst/pe0_bf1_addr_gen/no_sclr_lut.real_shift_ram.use_baseblock.use_hlutnm_srls.srl_loop[0].i_fdre1) is unused and will be removed from module xfft_v9_1_12_viv.
INFO: [Synth 8-3332] Sequential element (non_native_floating_point.xfft_inst/non_floating_point.arch_d.xfft_inst/pe0_bf1_addr_gen/no_sclr_lut.real_shift_ram.use_baseblock.use_hlutnm_srls.srl_loop[1].i_fdre0) is unused and will be removed from module xfft_v9_1_12_viv.
INFO: [Synth 8-3332] Sequential element (non_native_floating_point.xfft_inst/non_floating_point.arch_d.xfft_inst/pe_gen[0].natural_order_input.PE/delay_addr_bf2/no_sclr_lut.real_shift_ram.use_baseblock.use_hlutnm_srls.srl_loop[0].i_fdre0) is unused and will be removed from module xfft_v9_1_12_viv.
INFO: [Synth 8-3332] Sequential element (non_native_floating_point.xfft_inst/non_floating_point.arch_d.xfft_inst/pe_gen[0].natural_order_input.PE/delay_addr_bf2/no_sclr_lut.real_shift_ram.use_baseblock.use_hlutnm_srls.srl_loop[0].i_fdre1) is unused and will be removed from module xfft_v9_1_12_viv.
INFO: [Synth 8-3332] Sequential element (non_native_floating_point.xfft_inst/non_floating_point.arch_d.xfft_inst/pe_gen[0].natural_order_input.PE/delay_addr_tw/no_sclr_lut.real_shift_ram.use_baseblock.use_hlutnm_srls.srl_loop[0].i_fdre0) is unused and will be removed from module xfft_v9_1_12_viv.
INFO: [Synth 8-3332] Sequential element (non_native_floating_point.xfft_inst/non_floating_point.arch_d.xfft_inst/pe_gen[0].natural_order_input.PE/delay_addr_tw/no_sclr_lut.real_shift_ram.use_baseblock.use_hlutnm_srls.srl_loop[0].i_fdre1) is unused and will be removed from module xfft_v9_1_12_viv.
INFO: [Synth 8-3332] Sequential element (non_native_floating_point.xfft_inst/non_floating_point.arch_d.xfft_inst/pe_gen[0].natural_order_input.PE/delay_addr_tw/no_sclr_lut.real_shift_ram.use_baseblock.use_hlutnm_srls.srl_loop[1].i_fdre0) is unused and will be removed from module xfft_v9_1_12_viv.
INFO: [Synth 8-3332] Sequential element (non_native_floating_point.xfft_inst/non_floating_point.arch_d.xfft_inst/pe_gen[0].natural_order_input.PE/delay_addr_tw/no_sclr_lut.real_shift_ram.use_baseblock.use_hlutnm_srls.srl_loop[1].i_fdre1) is unused and will be removed from module xfft_v9_1_12_viv.
INFO: [Synth 8-3332] Sequential element (non_native_floating_point.xfft_inst/non_floating_point.arch_d.xfft_inst/pe_gen[0].natural_order_input.PE/has_TW_mult.MULT/i_cmpy/three_mult_structure.use_dsp.i_dsp/optionally_negate_inputs/apply_negation.registered_twos_comp_hblknm.gen_full_slices[0].gen_fdre[0].ff_br) is unused and will be removed from module xfft_v9_1_12_viv.
INFO: [Synth 8-3332] Sequential element (non_native_floating_point.xfft_inst/non_floating_point.arch_d.xfft_inst/pe_gen[0].natural_order_input.PE/has_TW_mult.MULT/i_cmpy/three_mult_structure.use_dsp.i_dsp/optionally_negate_inputs/apply_negation.registered_twos_comp_hblknm.gen_full_slices[0].gen_fdre[0].ff_bi) is unused and will be removed from module xfft_v9_1_12_viv.
INFO: [Synth 8-3332] Sequential element (non_native_floating_point.xfft_inst/non_floating_point.arch_d.xfft_inst/pe_gen[0].natural_order_input.PE/scaling2bits.scaler_re/scale_mux/four_inputs.use_lut6.no_lut_sclr.four_to_one_mux[26].latency1.reg) is unused and will be removed from module xfft_v9_1_12_viv.
INFO: [Synth 8-3332] Sequential element (non_native_floating_point.xfft_inst/non_floating_point.arch_d.xfft_inst/pe_gen[0].natural_order_input.PE/scaling2bits.scaler_re/scale_mux/four_inputs.use_lut6.no_lut_sclr.four_to_one_mux[25].latency1.reg) is unused and will be removed from module xfft_v9_1_12_viv.
INFO: [Synth 8-3332] Sequential element (non_native_floating_point.xfft_inst/non_floating_point.arch_d.xfft_inst/pe_gen[0].natural_order_input.PE/scaling2bits.scaler_re/scale_mux/four_inputs.use_lut6.no_lut_sclr.four_to_one_mux[24].latency1.reg) is unused and will be removed from module xfft_v9_1_12_viv.
INFO: [Synth 8-3332] Sequential element (non_native_floating_point.xfft_inst/non_floating_point.arch_d.xfft_inst/pe_gen[0].natural_order_input.PE/scaling2bits.scaler_re/scale_mux/four_inputs.use_lut6.no_lut_sclr.four_to_one_mux[7].latency1.reg) is unused and will be removed from module xfft_v9_1_12_viv.
INFO: [Synth 8-3332] Sequential element (non_native_floating_point.xfft_inst/non_floating_point.arch_d.xfft_inst/pe_gen[0].natural_order_input.PE/scaling2bits.scaler_re/scale_mux/four_inputs.use_lut6.no_lut_sclr.four_to_one_mux[6].latency1.reg) is unused and will be removed from module xfft_v9_1_12_viv.
INFO: [Synth 8-3332] Sequential element (non_native_floating_point.xfft_inst/non_floating_point.arch_d.xfft_inst/pe_gen[0].natural_order_input.PE/scaling2bits.scaler_re/scale_mux/four_inputs.use_lut6.no_lut_sclr.four_to_one_mux[5].latency1.reg) is unused and will be removed from module xfft_v9_1_12_viv.
INFO: [Synth 8-3332] Sequential element (non_native_floating_point.xfft_inst/non_floating_point.arch_d.xfft_inst/pe_gen[0].natural_order_input.PE/scaling2bits.scaler_re/scale_mux/four_inputs.use_lut6.no_lut_sclr.four_to_one_mux[4].latency1.reg) is unused and will be removed from module xfft_v9_1_12_viv.
INFO: [Synth 8-3332] Sequential element (non_native_floating_point.xfft_inst/non_floating_point.arch_d.xfft_inst/pe_gen[0].natural_order_input.PE/scaling2bits.scaler_re/scale_mux/four_inputs.use_lut6.no_lut_sclr.four_to_one_mux[3].latency1.reg) is unused and will be removed from module xfft_v9_1_12_viv.
INFO: [Synth 8-3332] Sequential element (non_native_floating_point.xfft_inst/non_floating_point.arch_d.xfft_inst/pe_gen[0].natural_order_input.PE/scaling2bits.scaler_re/scale_mux/four_inputs.use_lut6.no_lut_sclr.four_to_one_mux[2].latency1.reg) is unused and will be removed from module xfft_v9_1_12_viv.
INFO: [Synth 8-3332] Sequential element (non_native_floating_point.xfft_inst/non_floating_point.arch_d.xfft_inst/pe_gen[0].natural_order_input.PE/scaling2bits.scaler_re/scale_mux/four_inputs.use_lut6.no_lut_sclr.four_to_one_mux[1].latency1.reg) is unused and will be removed from module xfft_v9_1_12_viv.
INFO: [Synth 8-3332] Sequential element (non_native_floating_point.xfft_inst/non_floating_point.arch_d.xfft_inst/pe_gen[0].natural_order_input.PE/scaling2bits.scaler_re/scale_mux/four_inputs.use_lut6.no_lut_sclr.four_to_one_mux[0].latency1.reg) is unused and will be removed from module xfft_v9_1_12_viv.
INFO: [Synth 8-3332] Sequential element (non_native_floating_point.xfft_inst/non_floating_point.arch_d.xfft_inst/pe_gen[0].natural_order_input.PE/scaling2bits.scaler_im/scale_mux/four_inputs.use_lut6.no_lut_sclr.four_to_one_mux[26].latency1.reg) is unused and will be removed from module xfft_v9_1_12_viv.
INFO: [Synth 8-3332] Sequential element (non_native_floating_point.xfft_inst/non_floating_point.arch_d.xfft_inst/pe_gen[0].natural_order_input.PE/scaling2bits.scaler_im/scale_mux/four_inputs.use_lut6.no_lut_sclr.four_to_one_mux[25].latency1.reg) is unused and will be removed from module xfft_v9_1_12_viv.
INFO: [Synth 8-3332] Sequential element (non_native_floating_point.xfft_inst/non_floating_point.arch_d.xfft_inst/pe_gen[0].natural_order_input.PE/scaling2bits.scaler_im/scale_mux/four_inputs.use_lut6.no_lut_sclr.four_to_one_mux[24].latency1.reg) is unused and will be removed from module xfft_v9_1_12_viv.
INFO: [Synth 8-3332] Sequential element (non_native_floating_point.xfft_inst/non_floating_point.arch_d.xfft_inst/pe_gen[0].natural_order_input.PE/scaling2bits.scaler_im/scale_mux/four_inputs.use_lut6.no_lut_sclr.four_to_one_mux[7].latency1.reg) is unused and will be removed from module xfft_v9_1_12_viv.
INFO: [Synth 8-3332] Sequential element (non_native_floating_point.xfft_inst/non_floating_point.arch_d.xfft_inst/pe_gen[0].natural_order_input.PE/scaling2bits.scaler_im/scale_mux/four_inputs.use_lut6.no_lut_sclr.four_to_one_mux[6].latency1.reg) is unused and will be removed from module xfft_v9_1_12_viv.
INFO: [Synth 8-3332] Sequential element (non_native_floating_point.xfft_inst/non_floating_point.arch_d.xfft_inst/pe_gen[0].natural_order_input.PE/scaling2bits.scaler_im/scale_mux/four_inputs.use_lut6.no_lut_sclr.four_to_one_mux[5].latency1.reg) is unused and will be removed from module xfft_v9_1_12_viv.
INFO: [Synth 8-3332] Sequential element (non_native_floating_point.xfft_inst/non_floating_point.arch_d.xfft_inst/pe_gen[0].natural_order_input.PE/scaling2bits.scaler_im/scale_mux/four_inputs.use_lut6.no_lut_sclr.four_to_one_mux[4].latency1.reg) is unused and will be removed from module xfft_v9_1_12_viv.
INFO: [Synth 8-3332] Sequential element (non_native_floating_point.xfft_inst/non_floating_point.arch_d.xfft_inst/pe_gen[0].natural_order_input.PE/scaling2bits.scaler_im/scale_mux/four_inputs.use_lut6.no_lut_sclr.four_to_one_mux[3].latency1.reg) is unused and will be removed from module xfft_v9_1_12_viv.
INFO: [Synth 8-3332] Sequential element (non_native_floating_point.xfft_inst/non_floating_point.arch_d.xfft_inst/pe_gen[0].natural_order_input.PE/scaling2bits.scaler_im/scale_mux/four_inputs.use_lut6.no_lut_sclr.four_to_one_mux[2].latency1.reg) is unused and will be removed from module xfft_v9_1_12_viv.
INFO: [Synth 8-3332] Sequential element (non_native_floating_point.xfft_inst/non_floating_point.arch_d.xfft_inst/pe_gen[0].natural_order_input.PE/scaling2bits.scaler_im/scale_mux/four_inputs.use_lut6.no_lut_sclr.four_to_one_mux[1].latency1.reg) is unused and will be removed from module xfft_v9_1_12_viv.
INFO: [Synth 8-3332] Sequential element (non_native_floating_point.xfft_inst/non_floating_point.arch_d.xfft_inst/pe_gen[0].natural_order_input.PE/scaling2bits.scaler_im/scale_mux/four_inputs.use_lut6.no_lut_sclr.four_to_one_mux[0].latency1.reg) is unused and will be removed from module xfft_v9_1_12_viv.
INFO: [Synth 8-3332] Sequential element (non_native_floating_point.xfft_inst/non_floating_point.arch_d.xfft_inst/pe_gen[1].natural_order_input.PE/has_scale_pipelining.has_tw_scale_delay.fixed_tw_scale_delay.ovflo_delay/no_sclr_lut.real_shift_ram.use_baseblock.use_hlutnm_srls.runt_srl_loop.i_fdre) is unused and will be removed from module xfft_v9_1_12_viv.
INFO: [Synth 8-3332] Sequential element (non_native_floating_point.xfft_inst/non_floating_point.arch_d.xfft_inst/pe_gen[1].natural_order_input.PE/has_scale_pipelining.pe_ovflo_delay/no_sclr_lut.real_shift_ram.use_baseblock.use_hlutnm_srls.runt_srl_loop.i_fdre) is unused and will be removed from module xfft_v9_1_12_viv.
INFO: [Synth 8-3332] Sequential element (non_native_floating_point.xfft_inst/non_floating_point.arch_d.xfft_inst/pe_gen[1].natural_order_input.PE/delay_addr_tw/no_sclr_lut.real_shift_ram.use_baseblock.use_hlutnm_srls.srl_loop[0].i_fdre0) is unused and will be removed from module xfft_v9_1_12_viv.
INFO: [Synth 8-3332] Sequential element (non_native_floating_point.xfft_inst/non_floating_point.arch_d.xfft_inst/pe_gen[1].natural_order_input.PE/delay_addr_tw/no_sclr_lut.real_shift_ram.use_baseblock.use_hlutnm_srls.srl_loop[0].i_fdre1) is unused and will be removed from module xfft_v9_1_12_viv.
INFO: [Synth 8-3332] Sequential element (non_native_floating_point.xfft_inst/non_floating_point.arch_d.xfft_inst/pe_gen[1].natural_order_input.PE/scaling2bits.scaler_re/scale_mux/four_inputs.use_lut6.no_lut_sclr.four_to_one_mux[20].latency1.reg) is unused and will be removed from module xfft_v9_1_12_viv.
INFO: [Synth 8-3332] Sequential element (non_native_floating_point.xfft_inst/non_floating_point.arch_d.xfft_inst/pe_gen[1].natural_order_input.PE/scaling2bits.scaler_re/scale_mux/four_inputs.use_lut6.no_lut_sclr.four_to_one_mux[19].latency1.reg) is unused and will be removed from module xfft_v9_1_12_viv.
INFO: [Synth 8-3332] Sequential element (non_native_floating_point.xfft_inst/non_floating_point.arch_d.xfft_inst/pe_gen[1].natural_order_input.PE/scaling2bits.scaler_re/scale_mux/four_inputs.use_lut6.no_lut_sclr.four_to_one_mux[2].latency1.reg) is unused and will be removed from module xfft_v9_1_12_viv.
INFO: [Synth 8-3332] Sequential element (non_native_floating_point.xfft_inst/non_floating_point.arch_d.xfft_inst/pe_gen[1].natural_order_input.PE/scaling2bits.scaler_re/scale_mux/four_inputs.use_lut6.no_lut_sclr.four_to_one_mux[1].latency1.reg) is unused and will be removed from module xfft_v9_1_12_viv.
INFO: [Synth 8-3332] Sequential element (non_native_floating_point.xfft_inst/non_floating_point.arch_d.xfft_inst/pe_gen[1].natural_order_input.PE/scaling2bits.scaler_re/scale_mux/four_inputs.use_lut6.no_lut_sclr.four_to_one_mux[0].latency1.reg) is unused and will be removed from module xfft_v9_1_12_viv.
INFO: [Synth 8-3332] Sequential element (non_native_floating_point.xfft_inst/non_floating_point.arch_d.xfft_inst/pe_gen[1].natural_order_input.PE/scaling2bits.scaler_im/scale_mux/four_inputs.use_lut6.no_lut_sclr.four_to_one_mux[20].latency1.reg) is unused and will be removed from module xfft_v9_1_12_viv.
INFO: [Synth 8-3332] Sequential element (non_native_floating_point.xfft_inst/non_floating_point.arch_d.xfft_inst/pe_gen[1].natural_order_input.PE/scaling2bits.scaler_im/scale_mux/four_inputs.use_lut6.no_lut_sclr.four_to_one_mux[19].latency1.reg) is unused and will be removed from module xfft_v9_1_12_viv.
INFO: [Synth 8-3332] Sequential element (non_native_floating_point.xfft_inst/non_floating_point.arch_d.xfft_inst/pe_gen[1].natural_order_input.PE/scaling2bits.scaler_im/scale_mux/four_inputs.use_lut6.no_lut_sclr.four_to_one_mux[2].latency1.reg) is unused and will be removed from module xfft_v9_1_12_viv.
INFO: [Synth 8-3332] Sequential element (non_native_floating_point.xfft_inst/non_floating_point.arch_d.xfft_inst/pe_gen[1].natural_order_input.PE/scaling2bits.scaler_im/scale_mux/four_inputs.use_lut6.no_lut_sclr.four_to_one_mux[1].latency1.reg) is unused and will be removed from module xfft_v9_1_12_viv.
INFO: [Synth 8-3332] Sequential element (non_native_floating_point.xfft_inst/non_floating_point.arch_d.xfft_inst/pe_gen[1].natural_order_input.PE/scaling2bits.scaler_im/scale_mux/four_inputs.use_lut6.no_lut_sclr.four_to_one_mux[0].latency1.reg) is unused and will be removed from module xfft_v9_1_12_viv.
INFO: [Synth 8-3332] Sequential element (non_native_floating_point.xfft_inst/non_floating_point.arch_d.xfft_inst/has_bit_reverse.REG3/need_sclr_lut.real_shift_ram.d3plus.use_hlutnm_srls.srl_loop[0].i_fdre0) is unused and will be removed from module xfft_v9_1_12_viv.
INFO: [Synth 8-3332] Sequential element (non_native_floating_point.xfft_inst/non_floating_point.arch_d.xfft_inst/has_bit_reverse.REG3/need_sclr_lut.real_shift_ram.d3plus.use_hlutnm_srls.srl_loop[0].i_fdre1) is unused and will be removed from module xfft_v9_1_12_viv.
INFO: [Synth 8-3332] Sequential element (non_native_floating_point.xfft_inst/non_floating_point.arch_d.xfft_inst/has_bit_reverse.REG3/need_sclr_lut.real_shift_ram.d3plus.use_hlutnm_srls.srl_loop[1].i_fdre0) is unused and will be removed from module xfft_v9_1_12_viv.
INFO: [Synth 8-3332] Sequential element (non_native_floating_point.xfft_inst/non_floating_point.arch_d.xfft_inst/has_bit_reverse.REG3/need_sclr_lut.real_shift_ram.d3plus.use_hlutnm_srls.srl_loop[1].i_fdre1) is unused and will be removed from module xfft_v9_1_12_viv.
INFO: [Synth 8-3332] Sequential element (non_native_floating_point.xfft_inst/non_floating_point.arch_d.xfft_inst/has_bit_reverse.REG3/need_sclr_lut.real_shift_ram.FF_gen[3].reg) is unused and will be removed from module xfft_v9_1_12_viv.
INFO: [Synth 8-3332] Sequential element (non_native_floating_point.xfft_inst/non_floating_point.arch_d.xfft_inst/has_bit_reverse.REG3/need_sclr_lut.real_shift_ram.FF_gen[2].reg) is unused and will be removed from module xfft_v9_1_12_viv.
INFO: [Synth 8-3332] Sequential element (non_native_floating_point.xfft_inst/non_floating_point.arch_d.xfft_inst/has_bit_reverse.REG3/need_sclr_lut.real_shift_ram.FF_gen[1].reg) is unused and will be removed from module xfft_v9_1_12_viv.
INFO: [Synth 8-3332] Sequential element (non_native_floating_point.xfft_inst/non_floating_point.arch_d.xfft_inst/has_bit_reverse.REG3/need_sclr_lut.real_shift_ram.FF_gen[0].reg) is unused and will be removed from module xfft_v9_1_12_viv.
INFO: [Synth 8-3332] Sequential element (non_native_floating_point.xfft_inst/non_floating_point.arch_d.xfft_inst/has_bit_reverse.busy_gen/proc_start_delay/need_sclr_lut.real_shift_ram.FF_gen[0].reg) is unused and will be removed from module xfft_v9_1_12_viv.
---------------------------------------------------------------------------------
Finished Cross Boundary and Area Optimization : Time (s): cpu = 00:00:49 ; elapsed = 00:01:36 . Memory (MB): peak = 2558.719 ; gain = 1629.664
---------------------------------------------------------------------------------
---------------------------------------------------------------------------------
Start Applying XDC Timing Constraints
---------------------------------------------------------------------------------
---------------------------------------------------------------------------------
Finished Applying XDC Timing Constraints : Time (s): cpu = 00:00:56 ; elapsed = 00:01:46 . Memory (MB): peak = 2558.719 ; gain = 1629.664
---------------------------------------------------------------------------------
---------------------------------------------------------------------------------
Start Timing Optimization
---------------------------------------------------------------------------------
---------------------------------------------------------------------------------
Finished Timing Optimization : Time (s): cpu = 00:00:57 ; elapsed = 00:01:47 . Memory (MB): peak = 2558.719 ; gain = 1629.664
---------------------------------------------------------------------------------
---------------------------------------------------------------------------------
Start Technology Mapping
---------------------------------------------------------------------------------
---------------------------------------------------------------------------------
Finished Technology Mapping : Time (s): cpu = 00:00:57 ; elapsed = 00:01:48 . Memory (MB): peak = 2558.719 ; gain = 1629.664
---------------------------------------------------------------------------------
---------------------------------------------------------------------------------
Start IO Insertion
---------------------------------------------------------------------------------
---------------------------------------------------------------------------------
Start Flattening Before IO Insertion
---------------------------------------------------------------------------------
---------------------------------------------------------------------------------
Finished Flattening Before IO Insertion
---------------------------------------------------------------------------------
---------------------------------------------------------------------------------
Start Final Netlist Cleanup
---------------------------------------------------------------------------------
---------------------------------------------------------------------------------
Finished Final Netlist Cleanup
---------------------------------------------------------------------------------
---------------------------------------------------------------------------------
Finished IO Insertion : Time (s): cpu = 00:01:00 ; elapsed = 00:01:53 . Memory (MB): peak = 2558.719 ; gain = 1629.664
---------------------------------------------------------------------------------
---------------------------------------------------------------------------------
Start Renaming Generated Instances
---------------------------------------------------------------------------------
---------------------------------------------------------------------------------
Finished Renaming Generated Instances : Time (s): cpu = 00:01:00 ; elapsed = 00:01:53 . Memory (MB): peak = 2558.719 ; gain = 1629.664
---------------------------------------------------------------------------------
---------------------------------------------------------------------------------
Start Rebuilding User Hierarchy
---------------------------------------------------------------------------------
---------------------------------------------------------------------------------
Finished Rebuilding User Hierarchy : Time (s): cpu = 00:01:01 ; elapsed = 00:01:54 . Memory (MB): peak = 2558.719 ; gain = 1629.664
---------------------------------------------------------------------------------
---------------------------------------------------------------------------------
Start Renaming Generated Ports
---------------------------------------------------------------------------------
---------------------------------------------------------------------------------
Finished Renaming Generated Ports : Time (s): cpu = 00:01:01 ; elapsed = 00:01:54 . Memory (MB): peak = 2558.719 ; gain = 1629.664
---------------------------------------------------------------------------------
---------------------------------------------------------------------------------
Start Handling Custom Attributes
---------------------------------------------------------------------------------
---------------------------------------------------------------------------------
Finished Handling Custom Attributes : Time (s): cpu = 00:01:01 ; elapsed = 00:01:54 . Memory (MB): peak = 2558.719 ; gain = 1629.664
---------------------------------------------------------------------------------
---------------------------------------------------------------------------------
Start Renaming Generated Nets
---------------------------------------------------------------------------------
---------------------------------------------------------------------------------
Finished Renaming Generated Nets : Time (s): cpu = 00:01:01 ; elapsed = 00:01:54 . Memory (MB): peak = 2558.719 ; gain = 1629.664
---------------------------------------------------------------------------------
---------------------------------------------------------------------------------
Start Writing Synthesis Report
---------------------------------------------------------------------------------

DSP Final Report (the ' indicates corresponding REG is set)
+--------------------+--------------------------+--------+--------+--------+--------+--------+------+------+------+------+-------+------+------+
|Module Name         | DSP Mapping              | A Size | B Size | C Size | D Size | P Size | AREG | BREG | CREG | DREG | ADREG | MREG | PREG | 
+--------------------+--------------------------+--------+--------+--------+--------+--------+------+------+------+------+-------+------+------+
|dsp                 | (C'-(((D'+A'')'*B'')'))' | 25     | 18     | 48     | 25     | 43     | 2    | 2    | 2    | 2    | 1     | 1    | 1    | 
|dsp__parameterized0 | (C+((D'+A')'*B'')')'     | 25     | 18     | 9      | 25     | 43     | 1    | 2    | 2    | 2    | 1     | 1    | 1    | 
|dsp__parameterized1 | (C'+((D'-A'')'*B'')')'   | 25     | 18     | 48     | 25     | 43     | 2    | 2    | 2    | 2    | 1     | 1    | 1    | 
+--------------------+--------------------------+--------+--------+--------+--------+--------+------+------+------+------+-------+------+------+


Report BlackBoxes: 
+-+--------------+----------+
| |BlackBox name |Instances |
+-+--------------+----------+
+-+--------------+----------+

Report Cell Usage: 
+------+---------+------+
|      |Cell     |Count |
+------+---------+------+
|1     |CARRY4   |     8|
|2     |DSP48E1  |     3|
|4     |LUT1     |    12|
|5     |LUT2     |   204|
|6     |LUT3     |   362|
|7     |LUT4     |   103|
|8     |LUT5     |    21|
|9     |LUT6     |   107|
|10    |MUXCY    |   255|
|11    |RAMB18E1 |     1|
|12    |SRL16E   |   361|
|13    |SRLC32E  |     8|
|14    |XORCY    |   258|
|15    |FD       |     2|
|16    |FDE      |    82|
|17    |FDR      |    13|
|18    |FDRE     |  1526|
|19    |FDSE     |    29|
+------+---------+------+
---------------------------------------------------------------------------------
Finished Writing Synthesis Report : Time (s): cpu = 00:01:01 ; elapsed = 00:01:54 . Memory (MB): peak = 2558.719 ; gain = 1629.664
---------------------------------------------------------------------------------
Synthesis finished with 0 errors, 0 critical warnings and 350 warnings.
Synthesis Optimization Runtime : Time (s): cpu = 00:00:19 ; elapsed = 00:01:50 . Memory (MB): peak = 2558.719 ; gain = 1629.664
Synthesis Optimization Complete : Time (s): cpu = 00:01:01 ; elapsed = 00:01:54 . Memory (MB): peak = 2558.719 ; gain = 1629.664
INFO: [Project 1-571] Translating synthesized netlist
Netlist sorting complete. Time (s): cpu = 00:00:00 ; elapsed = 00:00:00.061 . Memory (MB): peak = 2558.719 ; gain = 0.000
INFO: [Netlist 29-17] Analyzing 622 Unisim elements for replacement
INFO: [Netlist 29-28] Unisim Transformation completed in 0 CPU seconds
INFO: [Project 1-570] Preparing netlist for logic optimization
INFO: [Opt 31-138] Pushed 0 inverter(s) to 0 load pin(s).
Netlist sorting complete. Time (s): cpu = 00:00:00 ; elapsed = 00:00:00.002 . Memory (MB): peak = 2558.719 ; gain = 0.000
INFO: [Project 1-111] Unisim Transformation Summary:
  A total of 181 instances were transformed.
  (MUXCY,XORCY) => CARRY4: 84 instances
  FD => FDRE: 2 instances
  FDE => FDRE: 82 instances
  FDR => FDRE: 13 instances

Synth Design complete | Checksum: 32f66bc2
INFO: [Common 17-83] Releasing license: Synthesis
87 Infos, 101 Warnings, 0 Critical Warnings and 0 Errors encountered.
synth_design completed successfully
synth_design: Time (s): cpu = 00:01:05 ; elapsed = 00:02:10 . Memory (MB): peak = 2558.719 ; gain = 2049.715
Write ShapeDB Complete: Time (s): cpu = 00:00:00 ; elapsed = 00:00:00.013 . Memory (MB): peak = 2558.719 ; gain = 0.000
INFO: [Common 17-1381] The checkpoint 'C:/Users/kuflu/Vivado/VivadoProjects/FMCW/FMCW.runs/FFT0_synth_1/FFT0.dcp' has been generated.
INFO: [Coretcl 2-1648] Added synthesis output to IP cache for IP FFT0, cache-ID = 042a5cfc90c17ed5
INFO: [Coretcl 2-1174] Renamed 289 cell refs.
Write ShapeDB Complete: Time (s): cpu = 00:00:00 ; elapsed = 00:00:00.012 . Memory (MB): peak = 2558.719 ; gain = 0.000
INFO: [Common 17-1381] The checkpoint 'C:/Users/kuflu/Vivado/VivadoProjects/FMCW/FMCW.runs/FFT0_synth_1/FFT0.dcp' has been generated.
INFO: [Vivado 12-24828] Executing command : report_utilization -file FFT0_utilization_synth.rpt -pb FFT0_utilization_synth.pb
INFO: [Common 17-206] Exiting Vivado at Tue Jul 23 15:17:05 2024...
